Performing C SOURCE FILE Test CMAKE_HAVE_LIBC_PTHREAD failed with the following output:
Change Dir: /home/hakim/Desktop/projects/GP_cpp/libgp/cmake-build-debug/CMakeFiles/CMakeScratch/TryCompile-3L4AzB

Run Build Command(s):/home/hakim/.local/share/JetBrains/Toolbox/apps/CLion/ch-0/231.9011.31/bin/ninja/linux/x64/ninja cmTC_952d5 && [1/2] Building C object CMakeFiles/cmTC_952d5.dir/src.c.o
[2/2] Linking C executable cmTC_952d5
FAILED: cmTC_952d5 
: && /usr/lib/ccache/cc  -rdynamic CMakeFiles/cmTC_952d5.dir/src.c.o -o cmTC_952d5   && :
CMakeFiles/cmTC_952d5.dir/src.c.o: In function `main':
src.c:(.text+0x3e): undefined reference to `pthread_create'
src.c:(.text+0x4a): undefined reference to `pthread_detach'
src.c:(.text+0x56): undefined reference to `pthread_cancel'
src.c:(.text+0x67): undefined reference to `pthread_join'
src.c:(.text+0x7b): undefined reference to `pthread_atfork'
collect2: error: ld returned 1 exit status
ninja: build stopped: subcommand failed.


Source file was:
#include <pthread.h>

static void* test_func(void* data)
{
  return data;
}

int main(void)
{
  pthread_t thread;
  pthread_create(&thread, NULL, test_func, NULL);
  pthread_detach(thread);
  pthread_cancel(thread);
  pthread_join(thread, NULL);
  pthread_atfork(NULL, NULL, NULL);
  pthread_exit(NULL);

  return 0;
}


Determining if the function pthread_create exists in the pthreads failed with the following output:
Change Dir: /home/hakim/Desktop/projects/GP_cpp/libgp/cmake-build-debug/CMakeFiles/CMakeScratch/TryCompile-WKGKME

Run Build Command(s):/home/hakim/.local/share/JetBrains/Toolbox/apps/CLion/ch-0/231.9011.31/bin/ninja/linux/x64/ninja cmTC_acbef && [1/2] Building C object CMakeFiles/cmTC_acbef.dir/CheckFunctionExists.c.o
[2/2] Linking C executable cmTC_acbef
FAILED: cmTC_acbef 
: && /usr/lib/ccache/cc -DCHECK_FUNCTION_EXISTS=pthread_create -rdynamic CMakeFiles/cmTC_acbef.dir/CheckFunctionExists.c.o -o cmTC_acbef  -lpthreads && :
/usr/bin/ld: cannot find -lpthreads
collect2: error: ld returned 1 exit status
ninja: build stopped: subcommand failed.



